<?xml version="1.0" encoding="UTF-8"?>
<!-- Generated by org.testng.reporters.JUnitXMLReporter -->
<testsuite ignored="0" hostname="DESKTOP-3R0P461" failures="0" tests="26" name="Test" time="27.751" errors="0" timestamp="2023-07-11T15:08:00 IST">
  <testcase classname="TestCases.LoginModuleTestCases" name="@BeforeTest chromeopen" time="0.0">
    <failure type="java.lang.Error" message="Unresolved compilation problem: 
	Unhandled exception type MalformedURLException
">
      <![CDATA[java.lang.Error: Unresolved compilation problem: 
Unhandled exception type MalformedURLException

at TestCases.LoginModuleTestCases.chromeopen(LoginModuleTestCases.java:24)
... Removed 24 stack frames]]>
    </failure>
  </testcase> <!-- @BeforeTest chromeopen -->
  <testcase classname="TestCases.ForgotModuleTestCases" name="@AfterTest closebrowser" time="0.0">
    <skipped/>
  </testcase> <!-- @AfterTest closebrowser -->
  <testcase classname="TestCases.LoginModuleTestCases" name="@AfterTest closebrowsers" time="0.0">
    <skipped/>
  </testcase> <!-- @AfterTest closebrowsers -->
  <testcase classname="TestCases.LoginModuleTestCases" name="testcase_1" time="0.0">
    <skipped/>
  </testcase> <!-- testcase_1 -->
  <testcase classname="TestCases.LoginModuleTestCases" name="testcase_2" time="0.0">
    <skipped/>
  </testcase> <!-- testcase_2 -->
  <testcase classname="TestCases.LoginModuleTestCases" name="testcase_3" time="0.0">
    <skipped/>
  </testcase> <!-- testcase_3 -->
  <testcase classname="TestCases.LoginModuleTestCases" name="testcase_4" time="0.0">
    <skipped/>
  </testcase> <!-- testcase_4 -->
  <testcase classname="TestCases.LoginModuleTestCases" name="testcase_5" time="0.0">
    <skipped/>
  </testcase> <!-- testcase_5 -->
  <testcase classname="TestCases.LoginModuleTestCases" name="testcase_6" time="0.0">
    <skipped/>
  </testcase> <!-- testcase_6 -->
  <testcase classname="TestCases.LoginModuleTestCases" name="testcase_7" time="0.0">
    <skipped/>
  </testcase> <!-- testcase_7 -->
  <testcase classname="TestCases.LoginModuleTestCases" name="testcase_8" time="0.0">
    <skipped/>
  </testcase> <!-- testcase_8 -->
  <testcase classname="TestCases.LoginModuleTestCases" name="testcase_9" time="0.0">
    <skipped/>
  </testcase> <!-- testcase_9 -->
  <testcase classname="TestCases.ForgotModuleTestCases" name="Scenario_0" time="0.0">
    <skipped/>
  </testcase> <!-- Scenario_0 -->
  <testcase classname="TestCases.ForgotModuleTestCases" name="Scenario_1" time="0.0">
    <skipped/>
  </testcase> <!-- Scenario_1 -->
  <testcase classname="TestCases.ForgotModuleTestCases" name="Scenario_2" time="0.0">
    <skipped/>
  </testcase> <!-- Scenario_2 -->
  <testcase classname="TestCases.ForgotModuleTestCases" name="Scenario_3" time="0.0">
    <skipped/>
  </testcase> <!-- Scenario_3 -->
  <testcase classname="TestCases.ForgotModuleTestCases" name="Scenario_4" time="0.0">
    <skipped/>
  </testcase> <!-- Scenario_4 -->
  <testcase classname="TestCases.ForgotModuleTestCases" name="Scenario_5" time="0.0">
    <skipped/>
  </testcase> <!-- Scenario_5 -->
  <testcase classname="TestCases.ForgotModuleTestCases" name="Scenario_6" time="0.0">
    <skipped/>
  </testcase> <!-- Scenario_6 -->
  <testcase classname="TestCases.ForgotModuleTestCases" name="Scenario_7" time="0.0">
    <skipped/>
  </testcase> <!-- Scenario_7 -->
  <testcase classname="TestCases.ForgotModuleTestCases" name="Scenario_8" time="0.0">
    <skipped/>
  </testcase> <!-- Scenario_8 -->
  <testcase classname="TestCases.ForgotModuleTestCases" name="Scenario_9" time="0.0">
    <skipped/>
  </testcase> <!-- Scenario_9 -->
  <testcase classname="TestCases.ForgotModuleTestCases" name="Scenario_10" time="0.0">
    <skipped/>
  </testcase> <!-- Scenario_10 -->
  <testcase classname="TestCases.ForgotModuleTestCases" name="Scenario_11" time="0.0">
    <skipped/>
  </testcase> <!-- Scenario_11 -->
  <testcase classname="TestCases.ForgotModuleTestCases" name="Scenario_12" time="0.0">
    <skipped/>
  </testcase> <!-- Scenario_12 -->
  <testcase classname="TestCases.ForgotModuleTestCases" name="Scenario_13" time="0.0">
    <skipped/>
  </testcase> <!-- Scenario_13 -->
  <testcase classname="TestCases.ForgotModuleTestCases" name="Scenario_14" time="0.0">
    <skipped/>
  </testcase> <!-- Scenario_14 -->
  <testcase classname="TestCases.ForgotModuleTestCases" name="Scenario_15" time="0.0">
    <skipped/>
  </testcase> <!-- Scenario_15 -->
  <testcase classname="TestCases.ForgotModuleTestCases" name="Scenario_16" time="0.0">
    <skipped/>
  </testcase> <!-- Scenario_16 -->
</testsuite> <!-- Test -->
