<?xml version="1.0" encoding="UTF-8"?>
<testng-results ignored="0" total="1" passed="1" failed="0" skipped="0">
  <reporter-output>
  </reporter-output>
  <suite started-at="2024-10-28T09:30:49 IST" name="Default suite" finished-at="2024-10-28T09:30:56 IST" duration-ms="6898">
    <groups>
    </groups>
    <test started-at="2024-10-28T09:30:49 IST" name="Default test" finished-at="2024-10-28T09:30:56 IST" duration-ms="6898">
      <class name="TestCases.GoogleSearchTest">
        <test-method is-config="true" signature="setup()[pri:0, instance:TestCases.GoogleSearchTest@13c9d689]" started-at="2024-10-28T09:30:49 IST" name="setup" finished-at="2024-10-28T09:30:52 IST" duration-ms="3174" status="PASS">
          <reporter-output>
          </reporter-output>
        </test-method> <!-- setup -->
        <test-method signature="testGoogleSearch()[pri:0, instance:TestCases.GoogleSearchTest@13c9d689]" started-at="2024-10-28T09:30:52 IST" name="testGoogleSearch" finished-at="2024-10-28T09:30:56 IST" duration-ms="3472" status="PASS">
          <reporter-output>
          </reporter-output>
        </test-method> <!-- testGoogleSearch -->
        <test-method is-config="true" signature="tearDown()[pri:0, instance:TestCases.GoogleSearchTest@13c9d689]" started-at="2024-10-28T09:30:56 IST" name="tearDown" finished-at="2024-10-28T09:30:56 IST" duration-ms="183" status="PASS">
          <reporter-output>
          </reporter-output>
        </test-method> <!-- tearDown -->
      </class> <!-- TestCases.GoogleSearchTest -->
    </test> <!-- Default test -->
  </suite> <!-- Default suite -->
</testng-results>
